<?xml version="1.0" encoding="UTF-8"?>
<testsuite name="com.csc.TestChainLink" tests="3" skipped="0" failures="0" errors="0" timestamp="2024-11-19T00:58:06" hostname="WIN-VE0J3PDRJ34" time="0.029">
  <properties/>
  <testcase name="testToString()" classname="com.csc.TestChainLink" time="0.019"/>
  <testcase name="TestNodeLinking()" classname="com.csc.TestChainLink" time="0.004"/>
  <testcase name="testNullInNode()" classname="com.csc.TestChainLink" time="0.001"/>
  <system-out><![CDATA[]]></system-out>
  <system-err><![CDATA[]]></system-err>
</testsuite>
