<?xml version="1.0" encoding="UTF-8"?>
<testsuite name="com.csc.TestGroceryCounter" tests="10" skipped="0" failures="0" errors="0" timestamp="2024-09-17T04:05:41" hostname="WIN-VE0J3PDRJ34" time="0.031">
  <properties/>
  <testcase name="testForLoopOfThirtyFiveOnes()" classname="com.csc.TestGroceryCounter" time="0.012"/>
  <testcase name="testForLoopOfOneHundredOnes()" classname="com.csc.TestGroceryCounter" time="0.001"/>
  <testcase name="testClear()" classname="com.csc.TestGroceryCounter" time="0.001"/>
  <testcase name="testTwoTensAndOneHundredths()" classname="com.csc.TestGroceryCounter" time="0.001"/>
  <testcase name="testIncrementTenths()" classname="com.csc.TestGroceryCounter" time="0.001"/>
  <testcase name="testIncrementHundredths()" classname="com.csc.TestGroceryCounter" time="0.0"/>
  <testcase name="testInitialTotal()" classname="com.csc.TestGroceryCounter" time="0.001"/>
  <testcase name="testIncrementOnes()" classname="com.csc.TestGroceryCounter" time="0.0"/>
  <testcase name="testIncrementTens()" classname="com.csc.TestGroceryCounter" time="0.001"/>
  <testcase name="itWorks()" classname="com.csc.TestGroceryCounter" time="0.001"/>
  <system-out><![CDATA[]]></system-out>
  <system-err><![CDATA[]]></system-err>
</testsuite>
